<?xml version="1.0" encoding="UTF-8"?>
<testng-results ignored="0" total="7" passed="6" failed="1" skipped="0">
  <reporter-output>
  </reporter-output>
  <suite started-at="2023-10-04T20:12:58 IST" name="Suite" finished-at="2023-10-04T20:14:07 IST" duration-ms="68761">
    <groups>
    </groups>
    <test started-at="2023-10-04T20:12:58 IST" name="Test" finished-at="2023-10-04T20:14:07 IST" duration-ms="68761">
      <class name="UberAdmin.Forgot_Password_Test">
        <test-method is-config="true" signature="initialize()[pri:0, instance:UberAdmin.Forgot_Password_Test@ffaa6af]" started-at="2023-10-04T20:13:08 IST" name="initialize" finished-at="2023-10-04T20:13:17 IST" duration-ms="8545" status="PASS">
          <reporter-output>
          </reporter-output>
        </test-method> <!-- initialize -->
        <test-method signature="ForgotPassword()[pri:0, instance:UberAdmin.Forgot_Password_Test@ffaa6af]" started-at="2023-10-04T20:13:58 IST" name="ForgotPassword" finished-at="2023-10-04T20:14:00 IST" duration-ms="2369" status="PASS">
          <reporter-output>
          </reporter-output>
        </test-method> <!-- ForgotPassword -->
        <test-method is-config="true" signature="teardown()[pri:0, instance:UberAdmin.Forgot_Password_Test@ffaa6af]" started-at="2023-10-04T20:14:06 IST" name="teardown" finished-at="2023-10-04T20:14:07 IST" duration-ms="624" status="PASS">
          <reporter-output>
          </reporter-output>
        </test-method> <!-- teardown -->
      </class> <!-- UberAdmin.Forgot_Password_Test -->
      <class name="UberAdmin.Login_Test">
        <test-method is-config="true" signature="initialize()[pri:0, instance:UberAdmin.Login_Test@6e0f5f7f]" started-at="2023-10-04T20:13:17 IST" name="initialize" finished-at="2023-10-04T20:13:26 IST" duration-ms="9337" status="PASS">
          <reporter-output>
          </reporter-output>
        </test-method> <!-- initialize -->
        <test-method signature="verifyLoginWithCorrectCredentials()[pri:0, instance:UberAdmin.Login_Test@6e0f5f7f]" started-at="2023-10-04T20:13:26 IST" name="verifyLoginWithCorrectCredentials" finished-at="2023-10-04T20:13:43 IST" duration-ms="16751" status="PASS">
          <reporter-output>
          </reporter-output>
        </test-method> <!-- verifyLoginWithCorrectCredentials -->
        <test-method signature="verifyLoginWithIncorrectCredentials(java.lang.String,java.lang.String)[pri:0, instance:UberAdmin.Login_Test@6e0f5f7f]" started-at="2023-10-04T20:13:43 IST" name="verifyLoginWithIncorrectCredentials" data-provider="getValue" finished-at="2023-10-04T20:13:48 IST" duration-ms="4837" status="PASS">
          <params>
            <param index="0">
              <value>
                <![CDATA[jyotikharatmol@azularc.com]]>
              </value>
            </param>
            <param index="1">
              <value>
                <![CDATA[Password@3]]>
              </value>
            </param>
          </params>
          <reporter-output>
          </reporter-output>
        </test-method> <!-- verifyLoginWithIncorrectCredentials -->
        <test-method signature="verifyLoginWithIncorrectCredentials(java.lang.String,java.lang.String)[pri:0, instance:UberAdmin.Login_Test@6e0f5f7f]" started-at="2023-10-04T20:13:48 IST" name="verifyLoginWithIncorrectCredentials" data-provider="getValue" finished-at="2023-10-04T20:13:49 IST" duration-ms="1116" status="PASS">
          <params>
            <param index="0">
              <value>
                <![CDATA[jyoti.kharatmol@azularc.com]]>
              </value>
            </param>
            <param index="1">
              <value>
                <![CDATA[Password@1]]>
              </value>
            </param>
          </params>
          <reporter-output>
          </reporter-output>
        </test-method> <!-- verifyLoginWithIncorrectCredentials -->
        <test-method signature="verifyLoginWithIncorrectCredentials(java.lang.String,java.lang.String)[pri:0, instance:UberAdmin.Login_Test@6e0f5f7f]" started-at="2023-10-04T20:13:49 IST" name="verifyLoginWithIncorrectCredentials" data-provider="getValue" finished-at="2023-10-04T20:13:50 IST" duration-ms="1053" status="PASS">
          <params>
            <param index="0">
              <value>
                <![CDATA[jyotikharatmol@azularc.com]]>
              </value>
            </param>
            <param index="1">
              <value>
                <![CDATA[Password@T]]>
              </value>
            </param>
          </params>
          <reporter-output>
          </reporter-output>
        </test-method> <!-- verifyLoginWithIncorrectCredentials -->
        <test-method signature="verifyLoginWithNoData()[pri:0, instance:UberAdmin.Login_Test@6e0f5f7f]" started-at="2023-10-04T20:13:50 IST" name="verifyLoginWithNoData" finished-at="2023-10-04T20:13:50 IST" duration-ms="452" status="FAIL">
          <exception class="java.lang.AssertionError">
            <message>
              <![CDATA[expected [true] but found [false]]]>
            </message>
            <full-stacktrace>
              <![CDATA[java.lang.AssertionError: expected [true] but found [false]
at org.testng.Assert.fail(Assert.java:110)
at org.testng.Assert.failNotEquals(Assert.java:1577)
at org.testng.Assert.assertTrue(Assert.java:56)
at org.testng.Assert.assertTrue(Assert.java:66)
at UberAdmin.Login_Test.verifyLoginWithNoData(Login_Test.java:73)
at java.base/jdk.internal.reflect.NativeMethodAccessorImpl.invoke0(Native Method)
at java.base/jdk.internal.reflect.NativeMethodAccessorImpl.invoke(NativeMethodAccessorImpl.java:77)
at java.base/jdk.internal.reflect.DelegatingMethodAccessorImpl.invoke(DelegatingMethodAccessorImpl.java:43)
at java.base/java.lang.reflect.Method.invoke(Method.java:568)
at org.testng.internal.invokers.MethodInvocationHelper.invokeMethod(MethodInvocationHelper.java:139)
at org.testng.internal.invokers.TestInvoker.invokeMethod(TestInvoker.java:677)
at org.testng.internal.invokers.TestInvoker.invokeTestMethod(TestInvoker.java:221)
at org.testng.internal.invokers.MethodRunner.runInSequence(MethodRunner.java:50)
at org.testng.internal.invokers.TestInvoker$MethodInvocationAgent.invoke(TestInvoker.java:969)
at org.testng.internal.invokers.TestInvoker.invokeTestMethods(TestInvoker.java:194)
at org.testng.internal.invokers.TestMethodWorker.invokeTestMethods(TestMethodWorker.java:148)
at org.testng.internal.invokers.TestMethodWorker.run(TestMethodWorker.java:128)
at java.base/java.util.ArrayList.forEach(ArrayList.java:1511)
at org.testng.TestRunner.privateRun(TestRunner.java:829)
at org.testng.TestRunner.run(TestRunner.java:602)
at org.testng.SuiteRunner.runTest(SuiteRunner.java:437)
at org.testng.SuiteRunner.runSequentially(SuiteRunner.java:431)
at org.testng.SuiteRunner.privateRun(SuiteRunner.java:391)
at org.testng.SuiteRunner.run(SuiteRunner.java:330)
at org.testng.SuiteRunnerWorker.runSuite(SuiteRunnerWorker.java:52)
at org.testng.SuiteRunnerWorker.run(SuiteRunnerWorker.java:95)
at org.testng.TestNG.runSuitesSequentially(TestNG.java:1256)
at org.testng.TestNG.runSuitesLocally(TestNG.java:1176)
at org.testng.TestNG.runSuites(TestNG.java:1099)
at org.testng.TestNG.run(TestNG.java:1067)
at org.apache.maven.surefire.testng.TestNGExecutor.run(TestNGExecutor.java:283)
at org.apache.maven.surefire.testng.TestNGXmlTestSuite.execute(TestNGXmlTestSuite.java:75)
at org.apache.maven.surefire.testng.TestNGProvider.invoke(TestNGProvider.java:120)
at org.apache.maven.surefire.booter.ForkedBooter.invokeProviderInSameClassLoader(ForkedBooter.java:384)
at org.apache.maven.surefire.booter.ForkedBooter.runSuitesInProcess(ForkedBooter.java:345)
at org.apache.maven.surefire.booter.ForkedBooter.execute(ForkedBooter.java:126)
at org.apache.maven.surefire.booter.ForkedBooter.main(ForkedBooter.java:418)
]]>
            </full-stacktrace>
          </exception> <!-- java.lang.AssertionError -->
          <reporter-output>
          </reporter-output>
        </test-method> <!-- verifyLoginWithNoData -->
        <test-method is-config="true" signature="teardown()[pri:0, instance:UberAdmin.Login_Test@6e0f5f7f]" started-at="2023-10-04T20:14:07 IST" name="teardown" finished-at="2023-10-04T20:14:07 IST" duration-ms="260" status="PASS">
          <reporter-output>
          </reporter-output>
        </test-method> <!-- teardown -->
      </class> <!-- UberAdmin.Login_Test -->
      <class name="UberAdmin.Create_Solo_Instructor_Test">
        <test-method is-config="true" signature="initialize()[pri:0, instance:UberAdmin.Create_Solo_Instructor_Test@4803b726]" started-at="2023-10-04T20:12:58 IST" name="initialize" finished-at="2023-10-04T20:13:08 IST" duration-ms="10264" status="PASS">
          <reporter-output>
          </reporter-output>
        </test-method> <!-- initialize -->
        <test-method signature="CreateNewSoloInst()[pri:0, instance:UberAdmin.Create_Solo_Instructor_Test@4803b726]" started-at="2023-10-04T20:13:50 IST" name="CreateNewSoloInst" finished-at="2023-10-04T20:13:58 IST" duration-ms="7331" status="PASS">
          <reporter-output>
          </reporter-output>
        </test-method> <!-- CreateNewSoloInst -->
        <test-method is-config="true" signature="teardown()[pri:0, instance:UberAdmin.Create_Solo_Instructor_Test@4803b726]" started-at="2023-10-04T20:14:00 IST" name="teardown" finished-at="2023-10-04T20:14:06 IST" duration-ms="5719" status="PASS">
          <reporter-output>
          </reporter-output>
        </test-method> <!-- teardown -->
      </class> <!-- UberAdmin.Create_Solo_Instructor_Test -->
    </test> <!-- Test -->
  </suite> <!-- Suite -->
</testng-results>
